<?xml version="1.0" encoding="UTF-8"?>
<testsuite name="testJob.MainModule.ReciverTest" tests="2" skipped="0" failures="0" errors="0" timestamp="2022-01-20T10:16:39" hostname="AKIHIRA" time="0.023">
  <properties/>
  <testcase name="Test converter method" classname="testJob.MainModule.ReciverTest" time="0.018"/>
  <testcase name="Creating final array" classname="testJob.MainModule.ReciverTest" time="0.005"/>
  <system-out><![CDATA[]]></system-out>
  <system-err><![CDATA[]]></system-err>
</testsuite>
