<?xml version="1.0" encoding="UTF-8"?>
<testsuite name="testJob.reciever.ReciverTest" tests="2" skipped="0" failures="0" errors="0" timestamp="2022-01-19T11:18:47" hostname="AKIHIRA" time="0.022">
  <properties/>
  <testcase name="Test converter method" classname="testJob.reciever.ReciverTest" time="0.02"/>
  <testcase name="Creating final array" classname="testJob.reciever.ReciverTest" time="0.001"/>
  <system-out><![CDATA[]]></system-out>
  <system-err><![CDATA[]]></system-err>
</testsuite>
